<?xml version="1.0" encoding="UTF-8"?>
<!-- Generated by org.testng.reporters.JUnitReportReporter -->
<testsuite hostname="Kezzo-LT" failures="0" tests="1" name="tests.ContactUsTest" time="3.424" errors="0" timestamp="2020-11-14T18:37:02 EET" skipped="0">
  <testcase classname="tests.ContactUsTest" name="UserCanUseContactUs" time="3.424"/>
  <system-out/>
</testsuite> <!-- tests.ContactUsTest -->
