<?xml version="1.0" encoding="UTF-8"?>
<!-- Generated by org.testng.reporters.JUnitReportReporter -->
<testsuite hostname="Kezzo-LT" failures="0" tests="2" name="tests.ChooseLocationTest" time="9.401" errors="0" timestamp="2020-11-16T16:11:36 EET" skipped="0">
  <testcase classname="tests.ChooseLocationTest" name="UserCanChooseDeliveryLocation" time="3.488"/>
  <system-out/>
  <testcase classname="tests.ChooseLocationTest" name="UserCanSearchForLocation" time="5.913"/>
  <system-out/>
</testsuite> <!-- tests.ChooseLocationTest -->
