<?xml version="1.0" encoding="UTF-8"?>
<!-- Generated by org.testng.reporters.JUnitReportReporter -->
<testsuite hostname="Kezzo-LT" failures="0" tests="1" name="tests.SearchProductTest" time="7.351" errors="0" timestamp="2020-11-13T02:30:38 EET" skipped="0">
  <testcase classname="tests.SearchProductTest" name="UserCanSearchForProducts" time="7.351"/>
  <system-out/>
</testsuite> <!-- tests.SearchProductTest -->
