<?xml version="1.0" encoding="UTF-8"?>
<!-- Generated by org.testng.reporters.JUnitReportReporter -->
<testsuite hostname="Kezzo-LT" failures="0" tests="5" name="tests.MyAccountTest" time="142.426" errors="0" timestamp="2020-11-13T02:34:23 EET" skipped="0">
  <testcase classname="tests.MyAccountTest" name="UserCanRegisterSuccssfully" time="6.653"/>
  <system-out/>
  <testcase classname="tests.MyAccountTest" name="RegisteredUserCanChangePassword" time="5.479"/>
  <system-out/>
  <testcase classname="tests.MyAccountTest" name="RegisteredUserCanLogout" time="3.075"/>
  <system-out/>
  <testcase classname="tests.MyAccountTest" name="RegisteredUserCanLogin" time="125.590"/>
  <system-out/>
  <testcase classname="tests.MyAccountTest" name="UserLogout" time="1.629"/>
  <system-out/>
</testsuite> <!-- tests.MyAccountTest -->
