<?xml version="1.0" encoding="UTF-8"?>
<!-- Generated by org.testng.reporters.JUnitReportReporter -->
<testsuite hostname="Kezzo-LT" failures="0" tests="2" name="tests.ChooseLocationTest" time="25.893" errors="0" timestamp="2020-11-17T15:04:42 EET" skipped="0">
  <testcase classname="tests.ChooseLocationTest" name="UserCanChooseDeliveryLocation" time="4.489"/>
  <system-out/>
  <testcase classname="tests.ChooseLocationTest" name="UserCanSearchForLocation" time="21.404"/>
  <system-out/>
</testsuite> <!-- tests.ChooseLocationTest -->
